<?xml version="1.0" encoding="UTF-8"?>
<!-- Generated by org.testng.reporters.JUnitReportReporter -->
<testsuite hostname="DESKTOP-JTJ28NU" failures="0" tests="1" name="Sample.Data" time="0.005" errors="0" timestamp="2023-01-18T12:52:58 IST" skipped="0">
  <testcase classname="Sample.Data" name="m1" time="0.005"/>
  <system-out/>
</testsuite> <!-- Sample.Data -->
