<?xml version="1.0" encoding="UTF-8"?>
<!-- Generated by org.testng.reporters.JUnitReportReporter -->
<testsuite hostname="DESKTOP-JTJ28NU" failures="0" tests="1" name="Sample.Anu" time="0.005" errors="0" timestamp="2023-01-20T22:17:41 IST" skipped="0">
  <testcase classname="Sample.Anu" name="m2" time="0.005"/>
  <system-out/>
</testsuite> <!-- Sample.Anu -->
