<?xml version="1.0" encoding="UTF-8"?>
<!-- Generated by org.testng.reporters.JUnitReportReporter -->
<testsuite hostname="DESKTOP-JTJ28NU" failures="0" tests="1" name="Sample.Demo2" time="0.005" errors="0" timestamp="2023-01-18T11:55:19 IST" skipped="0">
  <testcase classname="Sample.Demo2" name="demo" time="0.005"/>
  <system-out/>
</testsuite> <!-- Sample.Demo2 -->
