<?xml version="1.0" encoding="UTF-8"?>
<!-- Generated by org.testng.reporters.JUnitReportReporter -->
<testsuite hostname="DESKTOP-JTJ28NU" failures="0" tests="1" name="Sample.Demo1" time="0.001" errors="0" timestamp="2023-01-18T12:29:48 IST" skipped="0">
  <testcase classname="Sample.Demo1" name="m2" time="0.001"/>
  <system-out/>
</testsuite> <!-- Sample.Demo1 -->
